# !SESSION 2018-10-21 18:47:20.904
# version: 1.1
# verbose: true
# The following option strings are specified for this debug session:
# 	null
| Worker-9 | 2018-10-21 18:47:20.904 | com.iar.ide.common | /debug | com.iar.ide.common.logging.Logger | traceFile | 194 | SDK location does not exist: null |
# !SESSION 2018-10-25 15:44:10.201
# version: 1.1
# verbose: true
# The following option strings are specified for this debug session:
# 	null
| Worker-7 | 2018-10-25 15:44:10.201 | com.iar.ide.common | /debug | com.iar.ide.common.logging.Logger | traceFile | 194 | SDK location does not exist: null |
# !SESSION 2018-10-28 23:13:56.724
# version: 1.1
# verbose: true
# The following option strings are specified for this debug session:
# 	null
| Worker-7 | 2018-10-28 23:13:56.724 | com.iar.ide.common | /debug | com.iar.ide.common.logging.Logger | traceFile | 194 | SDK location does not exist: null |
# !SESSION 2018-11-05 22:59:17.517
# version: 1.1
# verbose: true
# The following option strings are specified for this debug session:
# 	null
| Worker-6 | 2018-11-05 22:59:17.517 | com.iar.ide.common | /debug | com.iar.ide.common.logging.Logger | traceFile | 194 | SDK location does not exist: null |
